....................................................
LOG FOR 1 THREAD
size: 100000, time: 0.034000
size: 200000, time: 0.065000
size: 300000, time: 0.097000
size: 400000, time: 0.129000
size: 500000, time: 0.163000
size: 600000, time: 0.206000
size: 700000, time: 0.230000
size: 800000, time: 0.256000
size: 900000, time: 0.293000
size: 1000000, time: 0.315000
....................................................
LOG FOR 2 THREADS USING SECTIONS
size: 100000, time: 0.033000
size: 200000, time: 0.044000
size: 300000, time: 0.053000
size: 400000, time: 0.078000
size: 500000, time: 0.089000
size: 600000, time: 0.107000
size: 700000, time: 0.125000
size: 800000, time: 0.149000
size: 900000, time: 0.169000
size: 1000000, time: 0.172000
....................................................
LOG FOR 2 THREADS USING FOR
size: 100000, time: 0.027000
size: 200000, time: 0.048000
size: 300000, time: 0.056000
size: 400000, time: 0.075000
size: 500000, time: 0.095000
size: 600000, time: 0.113000
size: 700000, time: 0.134000
size: 800000, time: 0.154000
size: 900000, time: 0.162000
size: 1000000, time: 0.193000
....................................................
LOG FOR 4 THREADS USING FOR
size: 100000, time: 0.014000
size: 200000, time: 0.030000
size: 300000, time: 0.034000
size: 400000, time: 0.056000
size: 500000, time: 0.067000
size: 600000, time: 0.085000
size: 700000, time: 0.116000
size: 800000, time: 0.126000
size: 900000, time: 0.132000
size: 1000000, time: 0.144000
....................................................
