....................................................
LOG FOR 1 THREAD
size: 5000000, time: 1.782000
size: 15000000, time: 5.414000
size: 25000000, time: 9.009000
size: 35000000, time: 12.660000
size: 45000000, time: 16.684000
size: 55000000, time: 20.215000
size: 65000000, time: 23.931000
size: 75000000, time: 28.268000
size: 85000000, time: 31.742000
size: 95000000, time: 36.062000
....................................................
LOG FOR 2 THREADS USING SECTIONS
size: 5000000, time: 0.977000
size: 15000000, time: 2.982000
size: 25000000, time: 5.148000
size: 35000000, time: 7.473000
size: 45000000, time: 9.951000
size: 55000000, time: 12.823000
size: 65000000, time: 14.913000
size: 75000000, time: 17.784000
size: 85000000, time: 20.729000
size: 95000000, time: 22.724000
....................................................
LOG FOR 2 THREADS USING FOR
size: 5000000, time: 0.848000
size: 15000000, time: 2.487000
size: 25000000, time: 4.744000
size: 35000000, time: 6.399000
size: 45000000, time: 8.796000
size: 55000000, time: 10.132000
size: 65000000, time: 12.002000
size: 75000000, time: 13.199000
size: 85000000, time: 14.623000
size: 95000000, time: 17.090000
....................................................
LOG FOR 4 THREADS USING FOR
size: 5000000, time: 0.557000
size: 15000000, time: 1.651000
size: 25000000, time: 2.889000
size: 35000000, time: 3.932000
size: 45000000, time: 5.133000
size: 55000000, time: 6.804000
size: 65000000, time: 7.685000
size: 75000000, time: 8.767000
size: 85000000, time: 9.611000
size: 95000000, time: 11.469000
....................................................
